<?xml version="1.0" encoding="UTF-8"?>
<!-- Generated by org.testng.reporters.JUnitReportReporter -->
<testsuite hostname="DESKTOP-EQOOVAR" name="pomutility.TC1" tests="1" failures="0" timestamp="8 Jul 2019 16:18:28 GMT" time="48.662" errors="0">
  <testcase name="openbrowser" time="48.662" classname="pomutility.TC1"/>
</testsuite> <!-- pomutility.TC1 -->
